-------------------------------------------
Batch: 0
-------------------------------------------
+--------------------+-----+
|            customer|score|
+--------------------+-----+
|Bobby.Mitra@test.com| 27.0|
|Ashley.Staples@te...|-16.0|
|Angie.Gonzalez@te...| 23.0|
|Jason.Mitra@test.com|-26.5|
|Jason.Jefferson@t...| -4.0|
|Travis.Jackson@te...| -1.5|
|Jacob.Jefferson@t...| -3.0|
|Travis.Lincoln@te...| -4.0|
|Spencer.Davis@tes...| -4.5|
|Danny.Clark@test.com| -3.5|
|Spencer.Mitra@tes...| -4.5|
|Eric.Lincoln@test...| -3.5|
|  Ben.Ahmed@test.com| -3.0|
| Eric.Jones@test.com| -2.0|
|Christina.Hansen@...| -4.0|
|Edward.Harris@tes...|  6.5|
|Jason.Anderson@te...|-39.5|
|Christina.Clayton...| -5.0|
|Spencer.Lincoln@t...|-14.0|
|   Danny.Wu@test.com|-15.5|
+--------------------+-----+
only showing top 20 rows

-------------------------------------------
Batch: 1
-------------------------------------------
+--------------------+-----+
|            customer|score|
+--------------------+-----+
|Travis.Lincoln@te...| -2.5|
|Spencer.Davis@tes...| -3.5|
+--------------------+-----+

-------------------------------------------
Batch: 2
-------------------------------------------
+--------------------+-----+
|            customer|score|
+--------------------+-----+
|Danny.Clark@test.com| -3.5|
+--------------------+-----+

-------------------------------------------
Batch: 3
-------------------------------------------
+--------------------+-----+
|            customer|score|
+--------------------+-----+
|Spencer.Mitra@tes...| -3.5|
+--------------------+-----+

-------------------------------------------
Batch: 4
-------------------------------------------
+--------------------+-----+
|            customer|score|
+--------------------+-----+
|Eric.Lincoln@test...| -1.0|
+--------------------+-----+

-------------------------------------------
Batch: 5
-------------------------------------------
+------------------+-----+
|          customer|score|
+------------------+-----+
|Ben.Ahmed@test.com| -2.0|
+------------------+-----+

-------------------------------------------
Batch: 6
-------------------------------------------
+-------------------+-----+
|           customer|score|
+-------------------+-----+
|Eric.Jones@test.com| -3.0|
+-------------------+-----+

-------------------------------------------
Batch: 7
-------------------------------------------
+--------------------+-----+
|            customer|score|
+--------------------+-----+
|Christina.Hansen@...| -4.5|
+--------------------+-----+

-------------------------------------------
Batch: 8
-------------------------------------------
+--------------------+-----+
|            customer|score|
+--------------------+-----+
|Edward.Harris@tes...|  3.5|
+--------------------+-----+

-------------------------------------------
Batch: 9
-------------------------------------------
+--------------------+-----+
|            customer|score|
+--------------------+-----+
|Jason.Anderson@te...|-16.5|
+--------------------+-----+

-------------------------------------------
Batch: 10
-------------------------------------------
+--------------------+-----+
|            customer|score|
+--------------------+-----+
|Christina.Clayton...| 18.0|
+--------------------+-----+

-------------------------------------------
Batch: 11
-------------------------------------------
+--------------------+-----+
|            customer|score|
+--------------------+-----+
|Spencer.Lincoln@t...| -1.0|
+--------------------+-----+

-------------------------------------------
Batch: 12
-------------------------------------------
+-----------------+-----+
|         customer|score|
+-----------------+-----+
|Danny.Wu@test.com|-13.5|
+-----------------+-----+

-------------------------------------------
Batch: 13
-------------------------------------------
+--------------------+-----+
|            customer|score|
+--------------------+-----+
|Neeraj.Staples@te...|-15.5|
+--------------------+-----+

