-------------------------------------------
Batch: 0
-------------------------------------------
+--------------------+---------+
|               email|birthYear|
+--------------------+---------+
|Bobby.Mitra@test.com|     1964|
|Ashley.Staples@te...|     1963|
|Angie.Gonzalez@te...|     1962|
|Jason.Mitra@test.com|     1961|
|Jason.Jefferson@t...|     1960|
|Travis.Jackson@te...|     1959|
|Jacob.Jefferson@t...|     1958|
|Travis.Lincoln@te...|     1957|
|Spencer.Davis@tes...|     1956|
|Danny.Clark@test.com|     1955|
|Spencer.Mitra@tes...|     1954|
|Eric.Lincoln@test...|     1953|
|  Ben.Ahmed@test.com|     1952|
| Eric.Jones@test.com|     1951|
|Christina.Hansen@...|     1950|
|Edward.Harris@tes...|     1949|
|Jason.Anderson@te...|     1948|
|Christina.Clayton...|     1946|
|Spencer.Lincoln@t...|     1945|
|   Danny.Wu@test.com|     1944|
+--------------------+---------+
only showing top 20 rows

-------------------------------------------
Batch: 1
-------------------------------------------
+-----+---------+
|email|birthYear|
+-----+---------+
+-----+---------+

-------------------------------------------
Batch: 2
-------------------------------------------
+-----+---------+
|email|birthYear|
+-----+---------+
+-----+---------+

-------------------------------------------
Batch: 3
-------------------------------------------
+-----+---------+
|email|birthYear|
+-----+---------+
+-----+---------+

-------------------------------------------
Batch: 4
-------------------------------------------
+-----+---------+
|email|birthYear|
+-----+---------+
+-----+---------+

-------------------------------------------
Batch: 5
-------------------------------------------
+-----+---------+
|email|birthYear|
+-----+---------+
+-----+---------+

-------------------------------------------
Batch: 6
-------------------------------------------
+-----+---------+
|email|birthYear|
+-----+---------+
+-----+---------+

